<?xml version="1.0" encoding="UTF-8"?>
<!-- Generated by org.testng.reporters.JUnitReportReporter -->
<testsuite hostname="IN3234570W1" failures="0" tests="1" name="runner.Execution" time="66.244" errors="0" timestamp="2022-05-20T17:53:48 IST" skipped="0">
  <testcase classname="runner.Execution" name="runScenario" time="66.244"/>
  <system-out/>
</testsuite> <!-- runner.Execution -->
